<?xml version="1.0" encoding="UTF-8"?>
<!-- Generated by org.testng.reporters.JUnitXMLReporter -->
<testsuite ignored="0" hostname="DESKTOP-FD2FDPE" failures="0" tests="1" name="firefoxTest" time="50.909" errors="0" timestamp="2022-10-19T22:04:55 IST">
  <testcase classname="ftest.facetest" name="@BeforeMethod face" time="15.684">
    <failure type="java.lang.IllegalStateException" message="Cannot get a STRING value from a NUMERIC cell">
      <![CDATA[java.lang.IllegalStateException: Cannot get a STRING value from a NUMERIC cell
at org.apache.poi.xssf.usermodel.XSSFCell.typeMismatch(XSSFCell.java:1022)
at org.apache.poi.xssf.usermodel.XSSFCell.getRichStringCellValue(XSSFCell.java:393)
at org.apache.poi.xssf.usermodel.XSSFCell.getStringCellValue(XSSFCell.java:342)
at utils.utility.fetchexceldata(utility.java:37)
at facebook.facelogin.enterun(facelogin.java:26)
at ftest.facetest.face(facetest.java:66)
at java.base/java.util.concurrent.ThreadPoolExecutor.runWorker(ThreadPoolExecutor.java:1136)
at java.base/java.util.concurrent.ThreadPoolExecutor$Worker.run(ThreadPoolExecutor.java:635)
at java.base/java.lang.Thread.run(Thread.java:833)
... Removed 16 stack frames]]>
    </failure>
  </testcase> <!-- @BeforeMethod face -->
  <testcase classname="ftest.facetest" name="@AfterMethod logout" time="-1.666197295799E9">
    <skipped/>
  </testcase> <!-- @AfterMethod logout -->
  <testcase classname="ftest.facetest" name="@AfterClass close" time="-1.666197295805E9">
    <skipped/>
  </testcase> <!-- @AfterClass close -->
  <testcase classname="ftest.facetest" name="@AfterTest aftertest" time="-1.666197295808E9">
    <skipped/>
  </testcase> <!-- @AfterTest aftertest -->
  <testcase classname="ftest.facetest" name="ftest" time="0.0">
    <skipped/>
  </testcase> <!-- ftest -->
</testsuite> <!-- firefoxTest -->
